{
  "/Users/zietec/work/start-template/src/hooks/use-copy-to-clipboard.ts": {
    "path": "/Users/zietec/work/start-template/src/hooks/use-copy-to-clipboard.ts",
    "statementMap": {
      "0": {
        "start": { "line": 10, "column": 26 },
        "end": { "line": 10, "column": null }
      },
      "1": {
        "start": { "line": 12, "column": 15 },
        "end": { "line": 35, "column": null }
      },
      "2": {
        "start": { "line": 13, "column": 4 },
        "end": { "line": 15, "column": null }
      },
      "3": {
        "start": { "line": 14, "column": 6 },
        "end": { "line": 14, "column": null }
      },
      "4": {
        "start": { "line": 17, "column": 4 },
        "end": { "line": 17, "column": null }
      },
      "5": {
        "start": { "line": 17, "column": 16 },
        "end": { "line": 17, "column": null }
      },
      "6": {
        "start": { "line": 19, "column": 4 },
        "end": { "line": 34, "column": null }
      },
      "7": {
        "start": { "line": 21, "column": 8 },
        "end": { "line": 21, "column": null }
      },
      "8": {
        "start": { "line": 23, "column": 8 },
        "end": { "line": 25, "column": null }
      },
      "9": {
        "start": { "line": 24, "column": 10 },
        "end": { "line": 24, "column": null }
      },
      "10": {
        "start": { "line": 27, "column": 8 },
        "end": { "line": 29, "column": null }
      },
      "11": {
        "start": { "line": 28, "column": 10 },
        "end": { "line": 28, "column": null }
      },
      "12": {
        "start": { "line": 37, "column": 2 },
        "end": { "line": 37, "column": null }
      }
    },
    "fnMap": {
      "0": {
        "name": "useCopyToClipboard",
        "decl": {
          "start": { "line": 3, "column": 16 },
          "end": { "line": 3, "column": 35 }
        },
        "loc": {
          "start": { "line": 9, "column": 8 },
          "end": { "line": 38, "column": null }
        },
        "line": 9
      },
      "1": {
        "name": "(anonymous_1)",
        "decl": {
          "start": { "line": 12, "column": 15 },
          "end": { "line": 12, "column": 16 }
        },
        "loc": {
          "start": { "line": 12, "column": 34 },
          "end": { "line": 35, "column": null }
        },
        "line": 12
      },
      "2": {
        "name": "(anonymous_2)",
        "decl": {
          "start": { "line": 20, "column": 6 },
          "end": { "line": 20, "column": 12 }
        },
        "loc": {
          "start": { "line": 20, "column": 12 },
          "end": { "line": 30, "column": null }
        },
        "line": 20
      },
      "3": {
        "name": "(anonymous_3)",
        "decl": {
          "start": { "line": 27, "column": 19 },
          "end": { "line": 27, "column": 25 }
        },
        "loc": {
          "start": { "line": 27, "column": 25 },
          "end": { "line": 29, "column": 11 }
        },
        "line": 27
      },
      "4": {
        "name": "(anonymous_4)",
        "decl": {
          "start": { "line": 31, "column": 6 },
          "end": { "line": 31, "column": 12 }
        },
        "loc": {
          "start": { "line": 31, "column": 12 },
          "end": { "line": 33, "column": null }
        },
        "line": 31
      }
    },
    "branchMap": {
      "0": {
        "loc": {
          "start": { "line": 3, "column": 35 },
          "end": { "line": 9, "column": 8 }
        },
        "type": "default-arg",
        "locations": [
          {
            "start": { "line": 9, "column": 4 },
            "end": { "line": 9, "column": 8 }
          }
        ],
        "line": 3
      },
      "1": {
        "loc": {
          "start": { "line": 4, "column": 2 },
          "end": { "line": 4, "column": null }
        },
        "type": "default-arg",
        "locations": [
          {
            "start": { "line": 4, "column": 12 },
            "end": { "line": 4, "column": null }
          }
        ],
        "line": 4
      },
      "2": {
        "loc": {
          "start": { "line": 13, "column": 4 },
          "end": { "line": 15, "column": null }
        },
        "type": "if",
        "locations": [
          {
            "start": { "line": 13, "column": 4 },
            "end": { "line": 15, "column": null }
          },
          { "start": {}, "end": {} }
        ],
        "line": 13
      },
      "3": {
        "loc": {
          "start": { "line": 13, "column": 8 },
          "end": { "line": 13, "column": 73 }
        },
        "type": "binary-expr",
        "locations": [
          {
            "start": { "line": 13, "column": 8 },
            "end": { "line": 13, "column": 41 }
          },
          {
            "start": { "line": 13, "column": 41 },
            "end": { "line": 13, "column": 73 }
          }
        ],
        "line": 13
      },
      "4": {
        "loc": {
          "start": { "line": 17, "column": 4 },
          "end": { "line": 17, "column": null }
        },
        "type": "if",
        "locations": [
          {
            "start": { "line": 17, "column": 4 },
            "end": { "line": 17, "column": null }
          },
          { "start": {}, "end": {} }
        ],
        "line": 17
      },
      "5": {
        "loc": {
          "start": { "line": 23, "column": 8 },
          "end": { "line": 25, "column": null }
        },
        "type": "if",
        "locations": [
          {
            "start": { "line": 23, "column": 8 },
            "end": { "line": 25, "column": null }
          },
          { "start": {}, "end": {} }
        ],
        "line": 23
      }
    },
    "s": {
      "0": 9,
      "1": 9,
      "2": 5,
      "3": 0,
      "4": 5,
      "5": 1,
      "6": 4,
      "7": 3,
      "8": 3,
      "9": 1,
      "10": 3,
      "11": 0,
      "12": 9
    },
    "f": { "0": 9, "1": 5, "2": 3, "3": 0, "4": 1 },
    "b": {
      "0": [9],
      "1": [9],
      "2": [0, 5],
      "3": [5, 5],
      "4": [1, 4],
      "5": [1, 2]
    },
    "meta": {
      "lastBranch": 6,
      "lastFunction": 5,
      "lastStatement": 13,
      "seen": {
        "f:3:16:3:35": 0,
        "b:9:4:9:8": 0,
        "b:4:12:4:Infinity": 1,
        "s:10:26:10:Infinity": 0,
        "s:12:15:35:Infinity": 1,
        "f:12:15:12:16": 1,
        "b:13:4:15:Infinity:undefined:undefined:undefined:undefined": 2,
        "s:13:4:15:Infinity": 2,
        "b:13:8:13:41:13:41:13:73": 3,
        "s:14:6:14:Infinity": 3,
        "b:17:4:17:Infinity:undefined:undefined:undefined:undefined": 4,
        "s:17:4:17:Infinity": 4,
        "s:17:16:17:Infinity": 5,
        "s:19:4:34:Infinity": 6,
        "f:20:6:20:12": 2,
        "s:21:8:21:Infinity": 7,
        "b:23:8:25:Infinity:undefined:undefined:undefined:undefined": 5,
        "s:23:8:25:Infinity": 8,
        "s:24:10:24:Infinity": 9,
        "s:27:8:29:Infinity": 10,
        "f:27:19:27:25": 3,
        "s:28:10:28:Infinity": 11,
        "f:31:6:31:12": 4,
        "s:37:2:37:Infinity": 12
      }
    }
  },
  "/Users/zietec/work/start-template/src/lib/device-utils.ts": {
    "path": "/Users/zietec/work/start-template/src/lib/device-utils.ts",
    "statementMap": {
      "0": {
        "start": { "line": 11, "column": 2 },
        "end": { "line": 18, "column": null }
      },
      "1": {
        "start": { "line": 13, "column": 6 },
        "end": { "line": 13, "column": null }
      },
      "2": {
        "start": { "line": 15, "column": 6 },
        "end": { "line": 15, "column": null }
      },
      "3": {
        "start": { "line": 17, "column": 6 },
        "end": { "line": 17, "column": null }
      },
      "4": {
        "start": { "line": 25, "column": 2 },
        "end": { "line": 27, "column": null }
      },
      "5": {
        "start": { "line": 26, "column": 4 },
        "end": { "line": 26, "column": null }
      },
      "6": {
        "start": { "line": 29, "column": 21 },
        "end": { "line": 29, "column": null }
      },
      "7": {
        "start": { "line": 30, "column": 2 },
        "end": { "line": 30, "column": null }
      },
      "8": {
        "start": { "line": 40, "column": 2 },
        "end": { "line": 42, "column": null }
      },
      "9": {
        "start": { "line": 41, "column": 4 },
        "end": { "line": 41, "column": null }
      },
      "10": {
        "start": { "line": 44, "column": 17 },
        "end": { "line": 44, "column": null }
      },
      "11": {
        "start": { "line": 45, "column": 17 },
        "end": { "line": 45, "column": null }
      },
      "12": {
        "start": { "line": 46, "column": 22 },
        "end": { "line": 46, "column": null }
      },
      "13": {
        "start": { "line": 47, "column": 2 },
        "end": { "line": 47, "column": null }
      },
      "14": {
        "start": { "line": 54, "column": 2 },
        "end": { "line": 56, "column": null }
      },
      "15": {
        "start": { "line": 55, "column": 4 },
        "end": { "line": 55, "column": null }
      },
      "16": {
        "start": { "line": 58, "column": 21 },
        "end": { "line": 58, "column": null }
      },
      "17": {
        "start": { "line": 59, "column": 2 },
        "end": { "line": 59, "column": null }
      },
      "18": {
        "start": { "line": 59, "column": 31 },
        "end": { "line": 59, "column": null }
      },
      "19": {
        "start": { "line": 60, "column": 2 },
        "end": { "line": 60, "column": null }
      },
      "20": {
        "start": { "line": 60, "column": 31 },
        "end": { "line": 60, "column": null }
      },
      "21": {
        "start": { "line": 61, "column": 2 },
        "end": { "line": 61, "column": null }
      }
    },
    "fnMap": {
      "0": {
        "name": "getDeviceIcon",
        "decl": {
          "start": { "line": 10, "column": 16 },
          "end": { "line": 10, "column": 30 }
        },
        "loc": {
          "start": { "line": 10, "column": 59 },
          "end": { "line": 19, "column": null }
        },
        "line": 10
      },
      "1": {
        "name": "getDeviceIconFromUserAgent",
        "decl": {
          "start": { "line": 24, "column": 16 },
          "end": { "line": 24, "column": 43 }
        },
        "loc": {
          "start": { "line": 24, "column": 74 },
          "end": { "line": 31, "column": null }
        },
        "line": 24
      },
      "2": {
        "name": "getDeviceInfo",
        "decl": {
          "start": { "line": 36, "column": 16 },
          "end": { "line": 36, "column": null }
        },
        "loc": {
          "start": { "line": 39, "column": 10 },
          "end": { "line": 48, "column": null }
        },
        "line": 39
      },
      "3": {
        "name": "getDeviceType",
        "decl": {
          "start": { "line": 53, "column": 16 },
          "end": { "line": 53, "column": 30 }
        },
        "loc": {
          "start": { "line": 53, "column": 62 },
          "end": { "line": 62, "column": null }
        },
        "line": 53
      }
    },
    "branchMap": {
      "0": {
        "loc": {
          "start": { "line": 11, "column": 2 },
          "end": { "line": 18, "column": null }
        },
        "type": "switch",
        "locations": [
          {
            "start": { "line": 12, "column": 4 },
            "end": { "line": 13, "column": null }
          },
          {
            "start": { "line": 14, "column": 4 },
            "end": { "line": 15, "column": null }
          },
          {
            "start": { "line": 16, "column": 4 },
            "end": { "line": 17, "column": null }
          }
        ],
        "line": 11
      },
      "1": {
        "loc": {
          "start": { "line": 25, "column": 2 },
          "end": { "line": 27, "column": null }
        },
        "type": "if",
        "locations": [
          {
            "start": { "line": 25, "column": 2 },
            "end": { "line": 27, "column": null }
          },
          { "start": {}, "end": {} }
        ],
        "line": 25
      },
      "2": {
        "loc": {
          "start": { "line": 30, "column": 9 },
          "end": { "line": 30, "column": null }
        },
        "type": "cond-expr",
        "locations": [
          {
            "start": { "line": 30, "column": 35 },
            "end": { "line": 30, "column": 47 }
          },
          {
            "start": { "line": 30, "column": 47 },
            "end": { "line": 30, "column": null }
          }
        ],
        "line": 30
      },
      "3": {
        "loc": {
          "start": { "line": 38, "column": 2 },
          "end": { "line": 38, "column": null }
        },
        "type": "default-arg",
        "locations": [
          {
            "start": { "line": 38, "column": 13 },
            "end": { "line": 38, "column": null }
          }
        ],
        "line": 38
      },
      "4": {
        "loc": {
          "start": { "line": 40, "column": 2 },
          "end": { "line": 42, "column": null }
        },
        "type": "if",
        "locations": [
          {
            "start": { "line": 40, "column": 2 },
            "end": { "line": 42, "column": null }
          },
          { "start": {}, "end": {} }
        ],
        "line": 40
      },
      "5": {
        "loc": {
          "start": { "line": 54, "column": 2 },
          "end": { "line": 56, "column": null }
        },
        "type": "if",
        "locations": [
          {
            "start": { "line": 54, "column": 2 },
            "end": { "line": 56, "column": null }
          },
          { "start": {}, "end": {} }
        ],
        "line": 54
      },
      "6": {
        "loc": {
          "start": { "line": 59, "column": 2 },
          "end": { "line": 59, "column": null }
        },
        "type": "if",
        "locations": [
          {
            "start": { "line": 59, "column": 2 },
            "end": { "line": 59, "column": null }
          },
          { "start": {}, "end": {} }
        ],
        "line": 59
      },
      "7": {
        "loc": {
          "start": { "line": 60, "column": 2 },
          "end": { "line": 60, "column": null }
        },
        "type": "if",
        "locations": [
          {
            "start": { "line": 60, "column": 2 },
            "end": { "line": 60, "column": null }
          },
          { "start": {}, "end": {} }
        ],
        "line": 60
      }
    },
    "s": {
      "0": 3,
      "1": 1,
      "2": 1,
      "3": 1,
      "4": 3,
      "5": 1,
      "6": 2,
      "7": 2,
      "8": 3,
      "9": 2,
      "10": 1,
      "11": 1,
      "12": 1,
      "13": 1,
      "14": 4,
      "15": 1,
      "16": 3,
      "17": 3,
      "18": 1,
      "19": 2,
      "20": 2,
      "21": 1
    },
    "f": { "0": 3, "1": 3, "2": 3, "3": 4 },
    "b": {
      "0": [1, 1, 1],
      "1": [1, 2],
      "2": [1, 1],
      "3": [3],
      "4": [2, 1],
      "5": [1, 3],
      "6": [1, 2],
      "7": [1, 1]
    },
    "meta": {
      "lastBranch": 8,
      "lastFunction": 4,
      "lastStatement": 22,
      "seen": {
        "f:10:16:10:30": 0,
        "b:12:4:13:Infinity:14:4:15:Infinity:16:4:17:Infinity": 0,
        "s:11:2:18:Infinity": 0,
        "s:13:6:13:Infinity": 1,
        "s:15:6:15:Infinity": 2,
        "s:17:6:17:Infinity": 3,
        "f:24:16:24:43": 1,
        "b:25:2:27:Infinity:undefined:undefined:undefined:undefined": 1,
        "s:25:2:27:Infinity": 4,
        "s:26:4:26:Infinity": 5,
        "s:29:21:29:Infinity": 6,
        "s:30:2:30:Infinity": 7,
        "b:30:35:30:47:30:47:30:Infinity": 2,
        "f:36:16:36:Infinity": 2,
        "b:38:13:38:Infinity": 3,
        "b:40:2:42:Infinity:undefined:undefined:undefined:undefined": 4,
        "s:40:2:42:Infinity": 8,
        "s:41:4:41:Infinity": 9,
        "s:44:17:44:Infinity": 10,
        "s:45:17:45:Infinity": 11,
        "s:46:22:46:Infinity": 12,
        "s:47:2:47:Infinity": 13,
        "f:53:16:53:30": 3,
        "b:54:2:56:Infinity:undefined:undefined:undefined:undefined": 5,
        "s:54:2:56:Infinity": 14,
        "s:55:4:55:Infinity": 15,
        "s:58:21:58:Infinity": 16,
        "b:59:2:59:Infinity:undefined:undefined:undefined:undefined": 6,
        "s:59:2:59:Infinity": 17,
        "s:59:31:59:Infinity": 18,
        "b:60:2:60:Infinity:undefined:undefined:undefined:undefined": 7,
        "s:60:2:60:Infinity": 19,
        "s:60:31:60:Infinity": 20,
        "s:61:2:61:Infinity": 21
      }
    }
  },
  "/Users/zietec/work/start-template/src/lib/format-date.ts": {
    "path": "/Users/zietec/work/start-template/src/lib/format-date.ts",
    "statementMap": {
      "0": {
        "start": { "line": 16, "column": 18 },
        "end": { "line": 16, "column": null }
      },
      "1": {
        "start": { "line": 17, "column": 2 },
        "end": { "line": 17, "column": null }
      },
      "2": {
        "start": { "line": 27, "column": 2 },
        "end": { "line": 35, "column": null }
      },
      "3": {
        "start": { "line": 45, "column": 2 },
        "end": { "line": 53, "column": null }
      },
      "4": {
        "start": { "line": 63, "column": 2 },
        "end": { "line": 73, "column": null }
      },
      "5": {
        "start": { "line": 83, "column": 18 },
        "end": { "line": 83, "column": null }
      },
      "6": {
        "start": { "line": 84, "column": 14 },
        "end": { "line": 84, "column": null }
      },
      "7": {
        "start": { "line": 85, "column": 17 },
        "end": { "line": 85, "column": null }
      },
      "8": {
        "start": { "line": 86, "column": 19 },
        "end": { "line": 86, "column": null }
      },
      "9": {
        "start": { "line": 87, "column": 19 },
        "end": { "line": 87, "column": null }
      },
      "10": {
        "start": { "line": 88, "column": 20 },
        "end": { "line": 88, "column": null }
      },
      "11": {
        "start": { "line": 89, "column": 19 },
        "end": { "line": 89, "column": null }
      },
      "12": {
        "start": { "line": 91, "column": 14 },
        "end": { "line": 91, "column": null }
      },
      "13": {
        "start": { "line": 93, "column": 2 },
        "end": { "line": 95, "column": null }
      },
      "14": {
        "start": { "line": 94, "column": 4 },
        "end": { "line": 94, "column": null }
      },
      "15": {
        "start": { "line": 96, "column": 2 },
        "end": { "line": 98, "column": null }
      },
      "16": {
        "start": { "line": 97, "column": 4 },
        "end": { "line": 97, "column": null }
      },
      "17": {
        "start": { "line": 99, "column": 2 },
        "end": { "line": 101, "column": null }
      },
      "18": {
        "start": { "line": 100, "column": 4 },
        "end": { "line": 100, "column": null }
      },
      "19": {
        "start": { "line": 102, "column": 2 },
        "end": { "line": 104, "column": null }
      },
      "20": {
        "start": { "line": 103, "column": 4 },
        "end": { "line": 103, "column": null }
      },
      "21": {
        "start": { "line": 106, "column": 2 },
        "end": { "line": 106, "column": null }
      }
    },
    "fnMap": {
      "0": {
        "name": "formatDate",
        "decl": {
          "start": { "line": 11, "column": 16 },
          "end": { "line": 11, "column": null }
        },
        "loc": {
          "start": { "line": 15, "column": 10 },
          "end": { "line": 18, "column": null }
        },
        "line": 15
      },
      "1": {
        "name": "formatDateShort",
        "decl": {
          "start": { "line": 23, "column": 16 },
          "end": { "line": 23, "column": null }
        },
        "loc": {
          "start": { "line": 26, "column": 10 },
          "end": { "line": 36, "column": null }
        },
        "line": 26
      },
      "2": {
        "name": "formatDateMedium",
        "decl": {
          "start": { "line": 41, "column": 16 },
          "end": { "line": 41, "column": null }
        },
        "loc": {
          "start": { "line": 44, "column": 10 },
          "end": { "line": 54, "column": null }
        },
        "line": 44
      },
      "3": {
        "name": "formatDateTime",
        "decl": {
          "start": { "line": 59, "column": 16 },
          "end": { "line": 59, "column": null }
        },
        "loc": {
          "start": { "line": 62, "column": 10 },
          "end": { "line": 74, "column": null }
        },
        "line": 62
      },
      "4": {
        "name": "formatRelativeTime",
        "decl": {
          "start": { "line": 79, "column": 16 },
          "end": { "line": 79, "column": null }
        },
        "loc": {
          "start": { "line": 82, "column": 10 },
          "end": { "line": 107, "column": null }
        },
        "line": 82
      }
    },
    "branchMap": {
      "0": {
        "loc": {
          "start": { "line": 16, "column": 18 },
          "end": { "line": 16, "column": null }
        },
        "type": "cond-expr",
        "locations": [
          {
            "start": { "line": 16, "column": 41 },
            "end": { "line": 16, "column": 48 }
          },
          {
            "start": { "line": 16, "column": 48 },
            "end": { "line": 16, "column": null }
          }
        ],
        "line": 16
      },
      "1": {
        "loc": {
          "start": { "line": 83, "column": 18 },
          "end": { "line": 83, "column": null }
        },
        "type": "cond-expr",
        "locations": [
          {
            "start": { "line": 83, "column": 41 },
            "end": { "line": 83, "column": 48 }
          },
          {
            "start": { "line": 83, "column": 48 },
            "end": { "line": 83, "column": null }
          }
        ],
        "line": 83
      },
      "2": {
        "loc": {
          "start": { "line": 93, "column": 2 },
          "end": { "line": 95, "column": null }
        },
        "type": "if",
        "locations": [
          {
            "start": { "line": 93, "column": 2 },
            "end": { "line": 95, "column": null }
          },
          { "start": {}, "end": {} }
        ],
        "line": 93
      },
      "3": {
        "loc": {
          "start": { "line": 96, "column": 2 },
          "end": { "line": 98, "column": null }
        },
        "type": "if",
        "locations": [
          {
            "start": { "line": 96, "column": 2 },
            "end": { "line": 98, "column": null }
          },
          { "start": {}, "end": {} }
        ],
        "line": 96
      },
      "4": {
        "loc": {
          "start": { "line": 99, "column": 2 },
          "end": { "line": 101, "column": null }
        },
        "type": "if",
        "locations": [
          {
            "start": { "line": 99, "column": 2 },
            "end": { "line": 101, "column": null }
          },
          { "start": {}, "end": {} }
        ],
        "line": 99
      },
      "5": {
        "loc": {
          "start": { "line": 102, "column": 2 },
          "end": { "line": 104, "column": null }
        },
        "type": "if",
        "locations": [
          {
            "start": { "line": 102, "column": 2 },
            "end": { "line": 104, "column": null }
          },
          { "start": {}, "end": {} }
        ],
        "line": 102
      }
    },
    "s": {
      "0": 8,
      "1": 8,
      "2": 2,
      "3": 1,
      "4": 1,
      "5": 3,
      "6": 3,
      "7": 3,
      "8": 3,
      "9": 3,
      "10": 3,
      "11": 3,
      "12": 3,
      "13": 3,
      "14": 0,
      "15": 3,
      "16": 1,
      "17": 2,
      "18": 1,
      "19": 1,
      "20": 0,
      "21": 1
    },
    "f": { "0": 8, "1": 2, "2": 1, "3": 1, "4": 3 },
    "b": {
      "0": [6, 2],
      "1": [3, 0],
      "2": [0, 3],
      "3": [1, 2],
      "4": [1, 1],
      "5": [0, 1]
    },
    "meta": {
      "lastBranch": 6,
      "lastFunction": 5,
      "lastStatement": 22,
      "seen": {
        "f:11:16:11:Infinity": 0,
        "s:16:18:16:Infinity": 0,
        "b:16:41:16:48:16:48:16:Infinity": 0,
        "s:17:2:17:Infinity": 1,
        "f:23:16:23:Infinity": 1,
        "s:27:2:35:Infinity": 2,
        "f:41:16:41:Infinity": 2,
        "s:45:2:53:Infinity": 3,
        "f:59:16:59:Infinity": 3,
        "s:63:2:73:Infinity": 4,
        "f:79:16:79:Infinity": 4,
        "s:83:18:83:Infinity": 5,
        "b:83:41:83:48:83:48:83:Infinity": 1,
        "s:84:14:84:Infinity": 6,
        "s:85:17:85:Infinity": 7,
        "s:86:19:86:Infinity": 8,
        "s:87:19:87:Infinity": 9,
        "s:88:20:88:Infinity": 10,
        "s:89:19:89:Infinity": 11,
        "s:91:14:91:Infinity": 12,
        "b:93:2:95:Infinity:undefined:undefined:undefined:undefined": 2,
        "s:93:2:95:Infinity": 13,
        "s:94:4:94:Infinity": 14,
        "b:96:2:98:Infinity:undefined:undefined:undefined:undefined": 3,
        "s:96:2:98:Infinity": 15,
        "s:97:4:97:Infinity": 16,
        "b:99:2:101:Infinity:undefined:undefined:undefined:undefined": 4,
        "s:99:2:101:Infinity": 17,
        "s:100:4:100:Infinity": 18,
        "b:102:2:104:Infinity:undefined:undefined:undefined:undefined": 5,
        "s:102:2:104:Infinity": 19,
        "s:103:4:103:Infinity": 20,
        "s:106:2:106:Infinity": 21
      }
    }
  },
  "/Users/zietec/work/start-template/src/lib/utils.ts": {
    "path": "/Users/zietec/work/start-template/src/lib/utils.ts",
    "statementMap": {
      "0": {
        "start": { "line": 7, "column": 2 },
        "end": { "line": 7, "column": null }
      },
      "1": {
        "start": { "line": 10, "column": 13 },
        "end": { "line": 10, "column": null }
      },
      "2": {
        "start": { "line": 12, "column": 20 },
        "end": { "line": 12, "column": null }
      },
      "3": {
        "start": { "line": 14, "column": 29 },
        "end": { "line": 20, "column": null }
      },
      "4": {
        "start": { "line": 15, "column": 2 },
        "end": { "line": 20, "column": null }
      },
      "5": {
        "start": { "line": 16, "column": 19 },
        "end": { "line": 16, "column": null }
      },
      "6": {
        "start": { "line": 17, "column": 4 },
        "end": { "line": 17, "column": null }
      },
      "7": {
        "start": { "line": 17, "column": 26 },
        "end": { "line": 17, "column": null }
      },
      "8": {
        "start": { "line": 18, "column": 4 },
        "end": { "line": 18, "column": null }
      },
      "9": {
        "start": { "line": 19, "column": 4 },
        "end": { "line": 19, "column": null }
      }
    },
    "fnMap": {
      "0": {
        "name": "cn",
        "decl": {
          "start": { "line": 6, "column": 16 },
          "end": { "line": 6, "column": 22 }
        },
        "loc": {
          "start": { "line": 6, "column": 44 },
          "end": { "line": 8, "column": null }
        },
        "line": 6
      },
      "1": {
        "name": "(anonymous_1)",
        "decl": {
          "start": { "line": 12, "column": 20 },
          "end": { "line": 12, "column": 26 }
        },
        "loc": {
          "start": { "line": 12, "column": 20 },
          "end": { "line": 12, "column": null }
        },
        "line": 12
      },
      "2": {
        "name": "(anonymous_2)",
        "decl": {
          "start": { "line": 14, "column": 29 },
          "end": { "line": 14, "column": 30 }
        },
        "loc": {
          "start": { "line": 15, "column": 2 },
          "end": { "line": 20, "column": null }
        },
        "line": 15
      },
      "3": {
        "name": "(anonymous_3)",
        "decl": {
          "start": { "line": 15, "column": 22 },
          "end": { "line": 15, "column": 23 }
        },
        "loc": {
          "start": { "line": 15, "column": 43 },
          "end": { "line": 20, "column": 3 }
        },
        "line": 15
      },
      "4": {
        "name": "(anonymous_4)",
        "decl": {
          "start": { "line": 17, "column": 20 },
          "end": { "line": 17, "column": 26 }
        },
        "loc": {
          "start": { "line": 17, "column": 26 },
          "end": { "line": 17, "column": null }
        },
        "line": 17
      }
    },
    "branchMap": {},
    "s": {
      "0": 5,
      "1": 1,
      "2": 3,
      "3": 1,
      "4": 0,
      "5": 0,
      "6": 0,
      "7": 0,
      "8": 0,
      "9": 0
    },
    "f": { "0": 5, "1": 3, "2": 0, "3": 0, "4": 0 },
    "b": {},
    "meta": {
      "lastBranch": 0,
      "lastFunction": 5,
      "lastStatement": 10,
      "seen": {
        "f:6:16:6:22": 0,
        "s:7:2:7:Infinity": 0,
        "s:10:13:10:Infinity": 1,
        "s:12:20:12:Infinity": 2,
        "f:12:20:12:26": 1,
        "s:14:29:20:Infinity": 3,
        "f:14:29:14:30": 2,
        "s:15:2:20:Infinity": 4,
        "f:15:22:15:23": 3,
        "s:16:19:16:Infinity": 5,
        "s:17:4:17:Infinity": 6,
        "f:17:20:17:26": 4,
        "s:17:26:17:Infinity": 7,
        "s:18:4:18:Infinity": 8,
        "s:19:4:19:Infinity": 9
      }
    }
  },
  "/Users/zietec/work/start-template/src/lib/auth/permissions.ts": {
    "path": "/Users/zietec/work/start-template/src/lib/auth/permissions.ts",
    "statementMap": {
      "0": {
        "start": { "line": 9, "column": 25 },
        "end": { "line": 16, "column": null }
      },
      "1": {
        "start": { "line": 19, "column": 6 },
        "end": { "line": 19, "column": null }
      },
      "2": {
        "start": { "line": 22, "column": 20 },
        "end": { "line": 24, "column": null }
      },
      "3": {
        "start": { "line": 27, "column": 22 },
        "end": { "line": 33, "column": null }
      },
      "4": {
        "start": { "line": 36, "column": 21 },
        "end": { "line": 42, "column": null }
      },
      "5": {
        "start": { "line": 45, "column": 21 },
        "end": { "line": 51, "column": null }
      },
      "6": {
        "start": { "line": 60, "column": 54 },
        "end": { "line": 64, "column": null }
      },
      "7": {
        "start": { "line": 68, "column": 2 },
        "end": { "line": 68, "column": null }
      },
      "8": {
        "start": { "line": 76, "column": 16 },
        "end": { "line": 76, "column": null }
      },
      "9": {
        "start": { "line": 77, "column": 2 },
        "end": { "line": 77, "column": null }
      },
      "10": {
        "start": { "line": 89, "column": 2 },
        "end": { "line": 89, "column": null }
      },
      "11": {
        "start": { "line": 97, "column": 2 },
        "end": { "line": 97, "column": null }
      },
      "12": {
        "start": { "line": 106, "column": 2 },
        "end": { "line": 106, "column": null }
      },
      "13": {
        "start": { "line": 114, "column": 2 },
        "end": { "line": 114, "column": null }
      },
      "14": {
        "start": { "line": 122, "column": 2 },
        "end": { "line": 122, "column": null }
      },
      "15": {
        "start": { "line": 130, "column": 2 },
        "end": { "line": 130, "column": null }
      },
      "16": {
        "start": { "line": 138, "column": 2 },
        "end": { "line": 138, "column": null }
      },
      "17": {
        "start": { "line": 146, "column": 50 },
        "end": { "line": 150, "column": null }
      },
      "18": {
        "start": { "line": 160, "column": 4 },
        "end": { "line": 164, "column": null }
      },
      "19": {
        "start": { "line": 168, "column": 2 },
        "end": { "line": 168, "column": null }
      },
      "20": {
        "start": { "line": 173, "column": 2 },
        "end": { "line": 173, "column": null }
      },
      "21": {
        "start": { "line": 182, "column": 15 },
        "end": { "line": 182, "column": null }
      },
      "22": {
        "start": { "line": 185, "column": 2 },
        "end": { "line": 187, "column": null }
      },
      "23": {
        "start": { "line": 186, "column": 4 },
        "end": { "line": 186, "column": null }
      },
      "24": {
        "start": { "line": 189, "column": 26 },
        "end": { "line": 189, "column": null }
      },
      "25": {
        "start": { "line": 192, "column": 2 },
        "end": { "line": 192, "column": null }
      },
      "26": {
        "start": { "line": 201, "column": 15 },
        "end": { "line": 201, "column": null }
      },
      "27": {
        "start": { "line": 203, "column": 2 },
        "end": { "line": 205, "column": null }
      },
      "28": {
        "start": { "line": 204, "column": 4 },
        "end": { "line": 204, "column": null }
      },
      "29": {
        "start": { "line": 207, "column": 26 },
        "end": { "line": 207, "column": null }
      },
      "30": {
        "start": { "line": 210, "column": 2 },
        "end": { "line": 210, "column": null }
      }
    },
    "fnMap": {
      "0": {
        "name": "getAssignableRoles",
        "decl": {
          "start": { "line": 67, "column": 16 },
          "end": { "line": 67, "column": 35 }
        },
        "loc": {
          "start": { "line": 67, "column": 62 },
          "end": { "line": 69, "column": null }
        },
        "line": 67
      },
      "1": {
        "name": "canAssignRole",
        "decl": {
          "start": { "line": 72, "column": 16 },
          "end": { "line": 72, "column": null }
        },
        "loc": {
          "start": { "line": 75, "column": 11 },
          "end": { "line": 78, "column": null }
        },
        "line": 75
      },
      "2": {
        "name": "canManageOrganization",
        "decl": {
          "start": { "line": 88, "column": 16 },
          "end": { "line": 88, "column": 38 }
        },
        "loc": {
          "start": { "line": 88, "column": 71 },
          "end": { "line": 90, "column": null }
        },
        "line": 88
      },
      "3": {
        "name": "canDeleteOrganization",
        "decl": {
          "start": { "line": 96, "column": 16 },
          "end": { "line": 96, "column": 38 }
        },
        "loc": {
          "start": { "line": 96, "column": 71 },
          "end": { "line": 98, "column": null }
        },
        "line": 96
      },
      "4": {
        "name": "canInviteMembers",
        "decl": {
          "start": { "line": 105, "column": 16 },
          "end": { "line": 105, "column": 33 }
        },
        "loc": {
          "start": { "line": 105, "column": 66 },
          "end": { "line": 107, "column": null }
        },
        "line": 105
      },
      "5": {
        "name": "canRemoveMembers",
        "decl": {
          "start": { "line": 113, "column": 16 },
          "end": { "line": 113, "column": 33 }
        },
        "loc": {
          "start": { "line": 113, "column": 66 },
          "end": { "line": 115, "column": null }
        },
        "line": 113
      },
      "6": {
        "name": "canUpdateMemberRoles",
        "decl": {
          "start": { "line": 121, "column": 16 },
          "end": { "line": 121, "column": 37 }
        },
        "loc": {
          "start": { "line": 121, "column": 70 },
          "end": { "line": 123, "column": null }
        },
        "line": 121
      },
      "7": {
        "name": "canManageInvitations",
        "decl": {
          "start": { "line": 129, "column": 16 },
          "end": { "line": 129, "column": 37 }
        },
        "loc": {
          "start": { "line": 129, "column": 70 },
          "end": { "line": 131, "column": null }
        },
        "line": 129
      },
      "8": {
        "name": "canDeleteInvitations",
        "decl": {
          "start": { "line": 137, "column": 16 },
          "end": { "line": 137, "column": 37 }
        },
        "loc": {
          "start": { "line": 137, "column": 70 },
          "end": { "line": 139, "column": null }
        },
        "line": 137
      },
      "9": {
        "name": "getUserPermissions",
        "decl": {
          "start": { "line": 167, "column": 16 },
          "end": { "line": 167, "column": 35 }
        },
        "loc": {
          "start": { "line": 167, "column": 51 },
          "end": { "line": 169, "column": null }
        },
        "line": 167
      },
      "10": {
        "name": "getOrganizationPermissions",
        "decl": {
          "start": { "line": 172, "column": 16 },
          "end": { "line": 172, "column": 43 }
        },
        "loc": {
          "start": { "line": 172, "column": 67 },
          "end": { "line": 174, "column": null }
        },
        "line": 172
      },
      "11": {
        "name": "hasPermission",
        "decl": {
          "start": { "line": 177, "column": 16 },
          "end": { "line": 177, "column": null }
        },
        "loc": {
          "start": { "line": 181, "column": 11 },
          "end": { "line": 193, "column": null }
        },
        "line": 181
      },
      "12": {
        "name": "hasOrganizationPermission",
        "decl": {
          "start": { "line": 196, "column": 16 },
          "end": { "line": 196, "column": null }
        },
        "loc": {
          "start": { "line": 200, "column": 11 },
          "end": { "line": 211, "column": null }
        },
        "line": 200
      }
    },
    "branchMap": {
      "0": {
        "loc": {
          "start": { "line": 89, "column": 9 },
          "end": { "line": 89, "column": null }
        },
        "type": "binary-expr",
        "locations": [
          {
            "start": { "line": 89, "column": 9 },
            "end": { "line": 89, "column": 29 }
          },
          {
            "start": { "line": 89, "column": 29 },
            "end": { "line": 89, "column": null }
          }
        ],
        "line": 89
      },
      "1": {
        "loc": {
          "start": { "line": 106, "column": 9 },
          "end": { "line": 106, "column": null }
        },
        "type": "binary-expr",
        "locations": [
          {
            "start": { "line": 106, "column": 9 },
            "end": { "line": 106, "column": 29 }
          },
          {
            "start": { "line": 106, "column": 29 },
            "end": { "line": 106, "column": null }
          }
        ],
        "line": 106
      },
      "2": {
        "loc": {
          "start": { "line": 114, "column": 9 },
          "end": { "line": 114, "column": null }
        },
        "type": "binary-expr",
        "locations": [
          {
            "start": { "line": 114, "column": 9 },
            "end": { "line": 114, "column": 29 }
          },
          {
            "start": { "line": 114, "column": 29 },
            "end": { "line": 114, "column": null }
          }
        ],
        "line": 114
      },
      "3": {
        "loc": {
          "start": { "line": 122, "column": 9 },
          "end": { "line": 122, "column": null }
        },
        "type": "binary-expr",
        "locations": [
          {
            "start": { "line": 122, "column": 9 },
            "end": { "line": 122, "column": 29 }
          },
          {
            "start": { "line": 122, "column": 29 },
            "end": { "line": 122, "column": null }
          }
        ],
        "line": 122
      },
      "4": {
        "loc": {
          "start": { "line": 130, "column": 9 },
          "end": { "line": 130, "column": null }
        },
        "type": "binary-expr",
        "locations": [
          {
            "start": { "line": 130, "column": 9 },
            "end": { "line": 130, "column": 29 }
          },
          {
            "start": { "line": 130, "column": 29 },
            "end": { "line": 130, "column": null }
          }
        ],
        "line": 130
      },
      "5": {
        "loc": {
          "start": { "line": 138, "column": 9 },
          "end": { "line": 138, "column": null }
        },
        "type": "binary-expr",
        "locations": [
          {
            "start": { "line": 138, "column": 9 },
            "end": { "line": 138, "column": 29 }
          },
          {
            "start": { "line": 138, "column": 29 },
            "end": { "line": 138, "column": null }
          }
        ],
        "line": 138
      },
      "6": {
        "loc": {
          "start": { "line": 185, "column": 2 },
          "end": { "line": 187, "column": null }
        },
        "type": "if",
        "locations": [
          {
            "start": { "line": 185, "column": 2 },
            "end": { "line": 187, "column": null }
          },
          { "start": {}, "end": {} }
        ],
        "line": 185
      },
      "7": {
        "loc": {
          "start": { "line": 185, "column": 6 },
          "end": { "line": 185, "column": 41 }
        },
        "type": "binary-expr",
        "locations": [
          {
            "start": { "line": 185, "column": 6 },
            "end": { "line": 185, "column": 15 }
          },
          {
            "start": { "line": 185, "column": 15 },
            "end": { "line": 185, "column": 41 }
          }
        ],
        "line": 185
      },
      "8": {
        "loc": {
          "start": { "line": 203, "column": 2 },
          "end": { "line": 205, "column": null }
        },
        "type": "if",
        "locations": [
          {
            "start": { "line": 203, "column": 2 },
            "end": { "line": 205, "column": null }
          },
          { "start": {}, "end": {} }
        ],
        "line": 203
      },
      "9": {
        "loc": {
          "start": { "line": 203, "column": 6 },
          "end": { "line": 203, "column": 41 }
        },
        "type": "binary-expr",
        "locations": [
          {
            "start": { "line": 203, "column": 6 },
            "end": { "line": 203, "column": 15 }
          },
          {
            "start": { "line": 203, "column": 15 },
            "end": { "line": 203, "column": 41 }
          }
        ],
        "line": 203
      }
    },
    "s": {
      "0": 1,
      "1": 1,
      "2": 1,
      "3": 1,
      "4": 1,
      "5": 1,
      "6": 1,
      "7": 9,
      "8": 9,
      "9": 9,
      "10": 3,
      "11": 3,
      "12": 3,
      "13": 3,
      "14": 3,
      "15": 3,
      "16": 3,
      "17": 1,
      "18": 1,
      "19": 0,
      "20": 0,
      "21": 0,
      "22": 0,
      "23": 0,
      "24": 0,
      "25": 0,
      "26": 0,
      "27": 0,
      "28": 0,
      "29": 0,
      "30": 0
    },
    "f": {
      "0": 9,
      "1": 9,
      "2": 3,
      "3": 3,
      "4": 3,
      "5": 3,
      "6": 3,
      "7": 3,
      "8": 3,
      "9": 0,
      "10": 0,
      "11": 0,
      "12": 0
    },
    "b": {
      "0": [3, 2],
      "1": [3, 2],
      "2": [3, 2],
      "3": [3, 2],
      "4": [3, 2],
      "5": [3, 2],
      "6": [0, 0],
      "7": [0, 0],
      "8": [0, 0],
      "9": [0, 0]
    },
    "meta": {
      "lastBranch": 10,
      "lastFunction": 13,
      "lastStatement": 31,
      "seen": {
        "s:9:25:16:Infinity": 0,
        "s:19:6:19:Infinity": 1,
        "s:22:20:24:Infinity": 2,
        "s:27:22:33:Infinity": 3,
        "s:36:21:42:Infinity": 4,
        "s:45:21:51:Infinity": 5,
        "s:60:54:64:Infinity": 6,
        "f:67:16:67:35": 0,
        "s:68:2:68:Infinity": 7,
        "f:72:16:72:Infinity": 1,
        "s:76:16:76:Infinity": 8,
        "s:77:2:77:Infinity": 9,
        "f:88:16:88:38": 2,
        "s:89:2:89:Infinity": 10,
        "b:89:9:89:29:89:29:89:Infinity": 0,
        "f:96:16:96:38": 3,
        "s:97:2:97:Infinity": 11,
        "f:105:16:105:33": 4,
        "s:106:2:106:Infinity": 12,
        "b:106:9:106:29:106:29:106:Infinity": 1,
        "f:113:16:113:33": 5,
        "s:114:2:114:Infinity": 13,
        "b:114:9:114:29:114:29:114:Infinity": 2,
        "f:121:16:121:37": 6,
        "s:122:2:122:Infinity": 14,
        "b:122:9:122:29:122:29:122:Infinity": 3,
        "f:129:16:129:37": 7,
        "s:130:2:130:Infinity": 15,
        "b:130:9:130:29:130:29:130:Infinity": 4,
        "f:137:16:137:37": 8,
        "s:138:2:138:Infinity": 16,
        "b:138:9:138:29:138:29:138:Infinity": 5,
        "s:146:50:150:Infinity": 17,
        "s:160:4:164:Infinity": 18,
        "f:167:16:167:35": 9,
        "s:168:2:168:Infinity": 19,
        "f:172:16:172:43": 10,
        "s:173:2:173:Infinity": 20,
        "f:177:16:177:Infinity": 11,
        "s:182:15:182:Infinity": 21,
        "b:185:2:187:Infinity:undefined:undefined:undefined:undefined": 6,
        "s:185:2:187:Infinity": 22,
        "b:185:6:185:15:185:15:185:41": 7,
        "s:186:4:186:Infinity": 23,
        "s:189:26:189:Infinity": 24,
        "s:192:2:192:Infinity": 25,
        "f:196:16:196:Infinity": 12,
        "s:201:15:201:Infinity": 26,
        "b:203:2:205:Infinity:undefined:undefined:undefined:undefined": 8,
        "s:203:2:205:Infinity": 27,
        "b:203:6:203:15:203:15:203:41": 9,
        "s:204:4:204:Infinity": 28,
        "s:207:26:207:Infinity": 29,
        "s:210:2:210:Infinity": 30
      }
    }
  },
  "/Users/zietec/work/start-template/src/lib/payment/plan.utils.ts": {
    "path": "/Users/zietec/work/start-template/src/lib/payment/plan.utils.ts",
    "statementMap": {
      "0": {
        "start": { "line": 8, "column": 42 },
        "end": { "line": 13, "column": null }
      },
      "1": {
        "start": { "line": 14, "column": 2 },
        "end": { "line": 14, "column": null }
      },
      "2": {
        "start": { "line": 21, "column": 42 },
        "end": { "line": 26, "column": null }
      },
      "3": {
        "start": { "line": 27, "column": 2 },
        "end": { "line": 27, "column": null }
      },
      "4": {
        "start": { "line": 37, "column": 2 },
        "end": { "line": 39, "column": null }
      },
      "5": {
        "start": { "line": 38, "column": 4 },
        "end": { "line": 38, "column": null }
      },
      "6": {
        "start": { "line": 40, "column": 2 },
        "end": { "line": 40, "column": null }
      },
      "7": {
        "start": { "line": 40, "column": 27 },
        "end": { "line": 40, "column": 74 }
      },
      "8": {
        "start": { "line": 47, "column": 2 },
        "end": { "line": 47, "column": null }
      },
      "9": {
        "start": { "line": 57, "column": 2 },
        "end": { "line": 57, "column": null }
      }
    },
    "fnMap": {
      "0": {
        "name": "getPlanDisplayName",
        "decl": {
          "start": { "line": 7, "column": 16 },
          "end": { "line": 7, "column": 35 }
        },
        "loc": {
          "start": { "line": 7, "column": 75 },
          "end": { "line": 15, "column": null }
        },
        "line": 7
      },
      "1": {
        "name": "getPlanDescription",
        "decl": {
          "start": { "line": 20, "column": 16 },
          "end": { "line": 20, "column": 35 }
        },
        "loc": {
          "start": { "line": 20, "column": 75 },
          "end": { "line": 28, "column": null }
        },
        "line": 20
      },
      "2": {
        "name": "findPlanByName",
        "decl": {
          "start": { "line": 33, "column": 16 },
          "end": { "line": 33, "column": null }
        },
        "loc": {
          "start": { "line": 36, "column": 17 },
          "end": { "line": 41, "column": null }
        },
        "line": 36
      },
      "3": {
        "name": "(anonymous_3)",
        "decl": {
          "start": { "line": 40, "column": 20 },
          "end": { "line": 40, "column": 21 }
        },
        "loc": {
          "start": { "line": 40, "column": 27 },
          "end": { "line": 40, "column": 74 }
        },
        "line": 40
      },
      "4": {
        "name": "isFreePlan",
        "decl": {
          "start": { "line": 46, "column": 16 },
          "end": { "line": 46, "column": 27 }
        },
        "loc": {
          "start": { "line": 46, "column": 66 },
          "end": { "line": 48, "column": null }
        },
        "line": 46
      },
      "5": {
        "name": "getUserPlanName",
        "decl": {
          "start": { "line": 54, "column": 16 },
          "end": { "line": 54, "column": null }
        },
        "loc": {
          "start": { "line": 56, "column": 10 },
          "end": { "line": 58, "column": null }
        },
        "line": 56
      }
    },
    "branchMap": {
      "0": {
        "loc": {
          "start": { "line": 14, "column": 9 },
          "end": { "line": 14, "column": null }
        },
        "type": "binary-expr",
        "locations": [
          {
            "start": { "line": 14, "column": 9 },
            "end": { "line": 14, "column": 30 }
          },
          {
            "start": { "line": 14, "column": 30 },
            "end": { "line": 14, "column": null }
          }
        ],
        "line": 14
      },
      "1": {
        "loc": {
          "start": { "line": 27, "column": 9 },
          "end": { "line": 27, "column": null }
        },
        "type": "binary-expr",
        "locations": [
          {
            "start": { "line": 27, "column": 9 },
            "end": { "line": 27, "column": 30 }
          },
          {
            "start": { "line": 27, "column": 30 },
            "end": { "line": 27, "column": null }
          }
        ],
        "line": 27
      },
      "2": {
        "loc": {
          "start": { "line": 37, "column": 2 },
          "end": { "line": 39, "column": null }
        },
        "type": "if",
        "locations": [
          {
            "start": { "line": 37, "column": 2 },
            "end": { "line": 39, "column": null }
          },
          { "start": {}, "end": {} }
        ],
        "line": 37
      },
      "3": {
        "loc": {
          "start": { "line": 47, "column": 9 },
          "end": { "line": 47, "column": null }
        },
        "type": "binary-expr",
        "locations": [
          {
            "start": { "line": 47, "column": 9 },
            "end": { "line": 47, "column": 22 }
          },
          {
            "start": { "line": 47, "column": 22 },
            "end": { "line": 47, "column": null }
          }
        ],
        "line": 47
      },
      "4": {
        "loc": {
          "start": { "line": 57, "column": 9 },
          "end": { "line": 57, "column": null }
        },
        "type": "binary-expr",
        "locations": [
          {
            "start": { "line": 57, "column": 9 },
            "end": { "line": 57, "column": 31 }
          },
          {
            "start": { "line": 57, "column": 31 },
            "end": { "line": 57, "column": null }
          }
        ],
        "line": 57
      }
    },
    "s": {
      "0": 3,
      "1": 3,
      "2": 2,
      "3": 2,
      "4": 4,
      "5": 1,
      "6": 3,
      "7": 8,
      "8": 8,
      "9": 3
    },
    "f": { "0": 3, "1": 2, "2": 4, "3": 8, "4": 8, "5": 3 },
    "b": { "0": [3, 1], "1": [2, 1], "2": [1, 3], "3": [8, 6], "4": [3, 2] },
    "meta": {
      "lastBranch": 5,
      "lastFunction": 6,
      "lastStatement": 10,
      "seen": {
        "f:7:16:7:35": 0,
        "s:8:42:13:Infinity": 0,
        "s:14:2:14:Infinity": 1,
        "b:14:9:14:30:14:30:14:Infinity": 0,
        "f:20:16:20:35": 1,
        "s:21:42:26:Infinity": 2,
        "s:27:2:27:Infinity": 3,
        "b:27:9:27:30:27:30:27:Infinity": 1,
        "f:33:16:33:Infinity": 2,
        "b:37:2:39:Infinity:undefined:undefined:undefined:undefined": 2,
        "s:37:2:39:Infinity": 4,
        "s:38:4:38:Infinity": 5,
        "s:40:2:40:Infinity": 6,
        "f:40:20:40:21": 3,
        "s:40:27:40:74": 7,
        "f:46:16:46:27": 4,
        "s:47:2:47:Infinity": 8,
        "b:47:9:47:22:47:22:47:Infinity": 3,
        "f:54:16:54:Infinity": 5,
        "s:57:2:57:Infinity": 9,
        "b:57:9:57:31:57:31:57:Infinity": 4
      }
    }
  },
  "/Users/zietec/work/start-template/src/lib/validations/auth.ts": {
    "path": "/Users/zietec/work/start-template/src/lib/validations/auth.ts",
    "statementMap": {
      "0": {
        "start": { "line": 4, "column": 28 },
        "end": { "line": 11, "column": null }
      },
      "1": {
        "start": { "line": 15, "column": 41 },
        "end": { "line": 17, "column": null }
      },
      "2": {
        "start": { "line": 20, "column": 28 },
        "end": { "line": 48, "column": null }
      },
      "3": {
        "start": { "line": 41, "column": 17 },
        "end": { "line": 41, "column": null }
      },
      "4": {
        "start": { "line": 45, "column": 20 },
        "end": { "line": 45, "column": 60 }
      },
      "5": {
        "start": { "line": 53, "column": 36 },
        "end": { "line": 55, "column": null }
      },
      "6": {
        "start": { "line": 60, "column": 35 },
        "end": { "line": 77, "column": null }
      },
      "7": {
        "start": { "line": 74, "column": 20 },
        "end": { "line": 74, "column": 66 }
      },
      "8": {
        "start": { "line": 82, "column": 36 },
        "end": { "line": 93, "column": null }
      },
      "9": {
        "start": { "line": 98, "column": 37 },
        "end": { "line": 105, "column": null }
      },
      "10": {
        "start": { "line": 110, "column": 39 },
        "end": { "line": 112, "column": null }
      },
      "11": {
        "start": { "line": 117, "column": 36 },
        "end": { "line": 141, "column": null }
      },
      "12": {
        "start": { "line": 134, "column": 20 },
        "end": { "line": 134, "column": 66 }
      },
      "13": {
        "start": { "line": 138, "column": 20 },
        "end": { "line": 138, "column": 63 }
      }
    },
    "fnMap": {
      "0": {
        "name": "(anonymous_0)",
        "decl": {
          "start": { "line": 41, "column": 8 },
          "end": { "line": 41, "column": 9 }
        },
        "loc": {
          "start": { "line": 41, "column": 17 },
          "end": { "line": 41, "column": null }
        },
        "line": 41
      },
      "1": {
        "name": "(anonymous_1)",
        "decl": {
          "start": { "line": 45, "column": 10 },
          "end": { "line": 45, "column": 11 }
        },
        "loc": {
          "start": { "line": 45, "column": 20 },
          "end": { "line": 45, "column": 60 }
        },
        "line": 45
      },
      "2": {
        "name": "(anonymous_2)",
        "decl": {
          "start": { "line": 74, "column": 10 },
          "end": { "line": 74, "column": 11 }
        },
        "loc": {
          "start": { "line": 74, "column": 20 },
          "end": { "line": 74, "column": 66 }
        },
        "line": 74
      },
      "3": {
        "name": "(anonymous_3)",
        "decl": {
          "start": { "line": 134, "column": 10 },
          "end": { "line": 134, "column": 11 }
        },
        "loc": {
          "start": { "line": 134, "column": 20 },
          "end": { "line": 134, "column": 66 }
        },
        "line": 134
      },
      "4": {
        "name": "(anonymous_4)",
        "decl": {
          "start": { "line": 138, "column": 10 },
          "end": { "line": 138, "column": 11 }
        },
        "loc": {
          "start": { "line": 138, "column": 20 },
          "end": { "line": 138, "column": 63 }
        },
        "line": 138
      }
    },
    "branchMap": {},
    "s": {
      "0": 1,
      "1": 1,
      "2": 1,
      "3": 10,
      "4": 10,
      "5": 1,
      "6": 1,
      "7": 3,
      "8": 1,
      "9": 1,
      "10": 1,
      "11": 1,
      "12": 3,
      "13": 3
    },
    "f": { "0": 10, "1": 10, "2": 3, "3": 3, "4": 3 },
    "b": {},
    "meta": {
      "lastBranch": 0,
      "lastFunction": 5,
      "lastStatement": 14,
      "seen": {
        "s:4:28:11:Infinity": 0,
        "s:15:41:17:Infinity": 1,
        "s:20:28:48:Infinity": 2,
        "f:41:8:41:9": 0,
        "s:41:17:41:Infinity": 3,
        "f:45:10:45:11": 1,
        "s:45:20:45:60": 4,
        "s:53:36:55:Infinity": 5,
        "s:60:35:77:Infinity": 6,
        "f:74:10:74:11": 2,
        "s:74:20:74:66": 7,
        "s:82:36:93:Infinity": 8,
        "s:98:37:105:Infinity": 9,
        "s:110:39:112:Infinity": 10,
        "s:117:36:141:Infinity": 11,
        "f:134:10:134:11": 3,
        "s:134:20:134:66": 12,
        "f:138:10:138:11": 4,
        "s:138:20:138:63": 13
      }
    }
  }
}
